<?xml version="1.0" encoding="utf-8"?><testsuites><testsuite name="pytest" errors="0" failures="0" skipped="0" tests="77" time="62.573" timestamp="2026-07-19T13:44:04.209313+00:00" hostname="xhawk-runner-9b6fd70f-9c51cd-dmxks"><testcase classname="test.unit.config.service_configuration_test" name="test_set_config_success" time="3.082" /><testcase classname="test.unit.config.service_configuration_test" name="test_get_config_existing_configuration" time="3.179" /><testcase classname="test.unit.config.service_configuration_test" name="test_edit_config_masks_configuration" time="3.264" /><testcase classname="test.unit.config.service_configuration_test" name="test_edit_config_prompts_for_confirmation" time="3.432" /><testcase classname="test.unit.config.service_configuration_test" name="test_set_config_validation_error" time="3.250" /><testcase classname="test.unit.config.service_configuration_test" name="test_edit_config_no_changes" time="3.172" /><testcase classname="test.unit.config.service_configuration_test" name="test_get_config_no_configuration" time="3.278" /><testcase classname="test.unit.config.service_configuration_test" name="test_edit_config_saves_on_confirmation" time="3.411" /><testcase classname="test.unit.config.service_configuration_test" name="test_set_config_sns_topic_not_found" time="3.016" /><testcase classname="test.unit.config.service_configuration_test" name="test_get_config_version_constraint" time="2.997" /><testcase classname="test.unit.config.service_configuration_test" name="test_edit_config_new_service" time="3.085" /><testcase classname="test.unit.config.service_configuration_test" name="test_edit_config_aborts_on_no_confirmation" time="3.585" /><testcase classname="test.unit.config.service_configuration_test" name="test_set_config_dynamodb_error" time="2.887" /><testcase classname="test.unit.config.service_configuration_test" name="test_get_config_client_error" time="2.901" /><testcase classname="test.unit.config.service_configuration_test" name="test_edit_config_prints_changes" time="3.869" /><testcase classname="test.unit.config.service_configuration_test" name="test_edit_config_unmasks_configuration" time="3.073" /><testcase classname="test.unit.config.service_configuration_test" name="test_default_service_configuration[None-expected_result0]" time="3.823" /><testcase classname="test.unit.config.service_configuration_test" name="test_set_config_injects_cloudlift_version" time="3.092" /><testcase classname="test.unit.config.service_configuration_test" name="test_inject_alb_mode[service_config3-service_defaults3-expected_result3]" time="3.092" /><testcase classname="test.unit.config.service_configuration_test" name="test_mask_config_keys_no_keys_to_mask" time="3.224" /><testcase classname="test.unit.config.service_configuration_test" name="test_set_config_injects_fluentbit_sidecar" time="3.073" /><testcase classname="test.unit.config.service_configuration_test" name="test_inject_alb_mode[service_config4-service_defaults4-expected_result4]" time="2.909" /><testcase classname="test.unit.config.service_configuration_test" name="test_default_service_configuration[service_defaults1-expected_result1]" time="3.987" /><testcase classname="test.unit.config.service_configuration_test" name="test_unmask_config_keys" time="2.965" /><testcase classname="test.unit.config.service_configuration_test" name="test_inject_alb_mode_preserves_other_fields" time="3.254" /><testcase classname="test.unit.config.service_configuration_test" name="test_set_config_injects_default_alb_mode" time="3.616" /><testcase classname="test.unit.config.service_configuration_test" name="test_default_service_configuration[service_defaults2-expected_result2]" time="3.800" /><testcase classname="test.unit.config.service_configuration_test" name="test_unmask_config_keys_no_masked_keys" time="3.257" /><testcase classname="test.unit.config.service_configuration_test" name="test_update_cloudlift_version" time="2.869" /><testcase classname="test.unit.config.service_configuration_test" name="test_inject_alb_mode[service_config0-service_defaults0-expected_result0]" time="2.999" /><testcase classname="test.unit.config.service_configuration_test" name="test_mask_unmask_config_keys_idempotence" time="3.030" /><testcase classname="test.unit.config.service_configuration_test" name="test_default_service_configuration[service_defaults3-expected_result3]" time="3.893" /><testcase classname="test.unit.config.service_configuration_test" name="test_validate_changes_invalid_configuration" time="3.229" /><testcase classname="test.unit.config.service_configuration_test" name="test_inject_alb_mode[service_config1-service_defaults1-expected_result1]" time="3.202" /><testcase classname="test.unit.config.service_configuration_test" name="test_inject_fluentbit_sidecar_awsfirelens" time="2.920" /><testcase classname="test.unit.config.service_configuration_test" name="test_inject_fluentbit_sidecar_remove_when_logging_changed" time="3.117" /><testcase classname="test.unit.config.service_configuration_test" name="test_inject_alb_mode[service_config2-service_defaults2-expected_result2]" time="2.975" /><testcase classname="test.unit.config.service_configuration_test" name="test_inject_fluentbit_sidecar_awslogs" time="3.181" /><testcase classname="test.unit.config.service_configuration_test" name="test_mask_config_keys" time="3.386" /><testcase classname="test.unit.config.service_configuration_test" name="test_inject_fluentbit_sidecar_use_environment_config" time="2.998" /><testcase classname="test.unit.config.service_configuration_test" name="test_inject_fluentbit_sidecar_preserve_other_sidecars" time="3.117" /><testcase classname="test.unit.config.service_configuration_test" name="test_inject_fluentbit_sidecar_prompt_for_image" time="3.207" /><testcase classname="test.unit.config.service_configuration_test" name="test_inject_fluentbit_sidecar_none" time="3.158" /><testcase classname="test.unit.config.service_configuration_test" name="test_inject_fluent_bit_sidecar_properties" time="2.966" /><testcase classname="test.unit.config.service_configuration_test" name="test_inject_fluentbit_sidecar_environment_variables" time="2.975" /><testcase classname="test.unit.config.service_configuration_test" name="test_validate_changes_cpu_reservation_values[128-True]" time="3.189" /><testcase classname="test.unit.config.service_configuration_test" name="test_inject_fluentbit_sidecar_already_present" time="3.336" /><testcase classname="test.unit.config.service_configuration_test" name="test_validate_changes_cpu_reservation_values[512-True]" time="3.152" /><testcase classname="test.unit.config.service_configuration_test" name="test_inject_fluentbit_sidecar_default_env_vars" time="3.208" /><testcase classname="test.unit.config.service_configuration_test" name="test_validate_changes_cpu_reservation_values[127-False]" time="3.034" /><testcase classname="test.unit.config.service_configuration_test" name="test_validate_changes_cpu_reservation_values[0-False]" time="3.006" /><testcase classname="test.unit.config.service_configuration_test" name="test_validate_changes_cpu_reservation_values[4096-True]" time="3.026" /><testcase classname="test.unit.config.service_configuration_test" name="test_validate_changes_cpu_reservation_values[1024-False]" time="3.191" /><testcase classname="test.unit.config.service_configuration_test" name="test_validate_changes_cpu_reservation_values[False-False]" time="3.280" /><testcase classname="test.unit.config.service_configuration_test" name="test_validate_changes_cpu_reservation_values[4097-False]" time="3.383" /><testcase classname="test.unit.config.service_configuration_test" name="test_validate_changes_cpu_reservation_values[None-True]" time="3.013" /><testcase classname="test.unit.config.service_configuration_test" name="test_validate_changes_cpu_configs_optional" time="3.081" /><testcase classname="test.unit.config.service_configuration_test" name="test_service_name_validation[TestService-True]" time="3.005" /><testcase classname="test.unit.config.service_configuration_test" name="test_service_name_validation[testservice-True]" time="3.000" /><testcase classname="test.unit.config.service_configuration_test" name="test_service_name_validation[Service1-True]" time="3.217" /><testcase classname="test.unit.config.service_configuration_test" name="test_service_name_validation[Test123-True]" time="3.173" /><testcase classname="test.unit.config.service_configuration_test" name="test_service_name_validation[Unity-True]" time="3.009" /><testcase classname="test.unit.config.service_configuration_test" name="test_service_name_validation[testService080-True]" time="3.259" /><testcase classname="test.unit.config.service_configuration_test" name="test_service_name_validation[Kafdrop2-True]" time="3.024" /><testcase classname="test.unit.config.service_configuration_test" name="test_service_name_validation[A-True]" time="2.943" /><testcase classname="test.unit.config.service_configuration_test" name="test_service_name_validation[testService123-True]" time="3.128" /><testcase classname="test.unit.config.service_configuration_test" name="test_service_name_validation[MerchantDashboardD2C-True]" time="3.156" /><testcase classname="test.unit.config.service_configuration_test" name="test_service_name_validation[1test-service-False]" time="3.269" /><testcase classname="test.unit.config.service_configuration_test" name="test_service_name_validation[-invalid-False]" time="3.195" /><testcase classname="test.unit.config.service_configuration_test" name="test_service_name_validation[service.-False]" time="2.980" /><testcase classname="test.unit.config.service_configuration_test" name="test_service_name_validation[service_underscore-False]" time="3.074" /><testcase classname="test.unit.deployment.service_template_generator_test.TestCpuConfiguration" name="test_cpu_configuration[256-320]" time="0.818" /><testcase classname="test.unit.config.service_configuration_test" name="test_service_name_validation[test--False]" time="2.588" /><testcase classname="test.unit.config.service_configuration_test" name="test_service_name_validation[service name-False]" time="2.848" /><testcase classname="test.unit.deployment.service_template_generator_test.TestCpuConfiguration" name="test_cpu_configuration[128-160]" time="0.273" /><testcase classname="test.unit.deployment.service_template_generator_test.TestCpuConfiguration" name="test_cpu_configuration[None-None]" time="0.443" /><testcase classname="test.unit.config.service_configuration_test" name="test_service_name_validation[-False]" time="2.191" /></testsuite></testsuites>