<?xml version="1.0" encoding="utf-8"?><testsuites><testsuite name="pytest" errors="0" failures="0" skipped="0" tests="77" time="83.719" timestamp="2026-07-19T17:21:02.201774+00:00" hostname="xhawk-runner-4d7810f4-9a0c39-lvpfm"><testcase classname="test.unit.config.service_configuration_test" name="test_get_config_existing_configuration" time="3.724" /><testcase classname="test.unit.config.service_configuration_test" name="test_edit_config_masks_configuration" time="3.908" /><testcase classname="test.unit.config.service_configuration_test" name="test_set_config_success" time="4.003" /><testcase classname="test.unit.config.service_configuration_test" name="test_edit_config_prompts_for_confirmation" time="4.304" /><testcase classname="test.unit.config.service_configuration_test" name="test_get_config_no_configuration" time="3.110" /><testcase classname="test.unit.config.service_configuration_test" name="test_edit_config_no_changes" time="3.192" /><testcase classname="test.unit.config.service_configuration_test" name="test_set_config_validation_error" time="3.122" /><testcase classname="test.unit.config.service_configuration_test" name="test_edit_config_saves_on_confirmation" time="3.686" /><testcase classname="test.unit.config.service_configuration_test" name="test_get_config_version_constraint" time="3.165" /><testcase classname="test.unit.config.service_configuration_test" name="test_edit_config_new_service" time="3.115" /><testcase classname="test.unit.config.service_configuration_test" name="test_set_config_sns_topic_not_found" time="3.168" /><testcase classname="test.unit.config.service_configuration_test" name="test_edit_config_aborts_on_no_confirmation" time="3.470" /><testcase classname="test.unit.config.service_configuration_test" name="test_get_config_client_error" time="5.635" /><testcase classname="test.unit.config.service_configuration_test" name="test_set_config_dynamodb_error" time="5.790" /><testcase classname="test.unit.config.service_configuration_test" name="test_edit_config_prints_changes" time="6.362" /><testcase classname="test.unit.config.service_configuration_test" name="test_edit_config_unmasks_configuration" time="5.309" /><testcase classname="test.unit.config.service_configuration_test" name="test_default_service_configuration[None-expected_result0]" time="3.911" /><testcase classname="test.unit.config.service_configuration_test" name="test_set_config_injects_cloudlift_version" time="3.044" /><testcase classname="test.unit.config.service_configuration_test" name="test_inject_alb_mode[service_config3-service_defaults3-expected_result3]" time="3.237" /><testcase classname="test.unit.config.service_configuration_test" name="test_mask_config_keys_no_keys_to_mask" time="3.254" /><testcase classname="test.unit.config.service_configuration_test" name="test_default_service_configuration[service_defaults1-expected_result1]" time="4.199" /><testcase classname="test.unit.config.service_configuration_test" name="test_set_config_injects_fluentbit_sidecar" time="3.291" /><testcase classname="test.unit.config.service_configuration_test" name="test_inject_alb_mode[service_config4-service_defaults4-expected_result4]" time="3.087" /><testcase classname="test.unit.config.service_configuration_test" name="test_unmask_config_keys" time="2.945" /><testcase classname="test.unit.config.service_configuration_test" name="test_set_config_injects_default_alb_mode" time="3.509" /><testcase classname="test.unit.config.service_configuration_test" name="test_default_service_configuration[service_defaults2-expected_result2]" time="6.625" /><testcase classname="test.unit.config.service_configuration_test" name="test_inject_alb_mode_preserves_other_fields" time="3.212" /><testcase classname="test.unit.config.service_configuration_test" name="test_unmask_config_keys_no_masked_keys" time="3.381" /><testcase classname="test.unit.config.service_configuration_test" name="test_inject_alb_mode[service_config0-service_defaults0-expected_result0]" time="5.622" /><testcase classname="test.unit.config.service_configuration_test" name="test_mask_unmask_config_keys_idempotence" time="5.503" /><testcase classname="test.unit.config.service_configuration_test" name="test_default_service_configuration[service_defaults3-expected_result3]" time="4.077" /><testcase classname="test.unit.config.service_configuration_test" name="test_update_cloudlift_version" time="5.867" /><testcase classname="test.unit.config.service_configuration_test" name="test_inject_alb_mode[service_config1-service_defaults1-expected_result1]" time="3.110" /><testcase classname="test.unit.config.service_configuration_test" name="test_inject_fluentbit_sidecar_awsfirelens" time="3.162" /><testcase classname="test.unit.config.service_configuration_test" name="test_validate_changes_invalid_configuration" time="3.087" /><testcase classname="test.unit.config.service_configuration_test" name="test_inject_alb_mode[service_config2-service_defaults2-expected_result2]" time="3.056" /><testcase classname="test.unit.config.service_configuration_test" name="test_mask_config_keys" time="3.018" /><testcase classname="test.unit.config.service_configuration_test" name="test_inject_fluentbit_sidecar_remove_when_logging_changed" time="3.005" /><testcase classname="test.unit.config.service_configuration_test" name="test_inject_fluentbit_sidecar_awslogs" time="3.197" /><testcase classname="test.unit.config.service_configuration_test" name="test_inject_fluentbit_sidecar_preserve_other_sidecars" time="3.287" /><testcase classname="test.unit.config.service_configuration_test" name="test_inject_fluent_bit_sidecar_properties" time="3.348" /><testcase classname="test.unit.config.service_configuration_test" name="test_inject_fluentbit_sidecar_use_environment_config" time="5.915" /><testcase classname="test.unit.config.service_configuration_test" name="test_inject_fluentbit_sidecar_none" time="5.794" /><testcase classname="test.unit.config.service_configuration_test" name="test_inject_fluentbit_sidecar_prompt_for_image" time="3.340" /><testcase classname="test.unit.config.service_configuration_test" name="test_inject_fluentbit_sidecar_environment_variables" time="5.873" /><testcase classname="test.unit.config.service_configuration_test" name="test_inject_fluentbit_sidecar_already_present" time="3.107" /><testcase classname="test.unit.config.service_configuration_test" name="test_validate_changes_cpu_reservation_values[128-True]" time="5.939" /><testcase classname="test.unit.config.service_configuration_test" name="test_inject_fluentbit_sidecar_default_env_vars" time="3.101" /><testcase classname="test.unit.config.service_configuration_test" name="test_validate_changes_cpu_reservation_values[0-False]" time="3.119" /><testcase classname="test.unit.config.service_configuration_test" name="test_validate_changes_cpu_reservation_values[512-True]" time="3.095" /><testcase classname="test.unit.config.service_configuration_test" name="test_validate_changes_cpu_reservation_values[127-False]" time="3.148" /><testcase classname="test.unit.config.service_configuration_test" name="test_validate_changes_cpu_reservation_values[1024-False]" time="3.106" /><testcase classname="test.unit.config.service_configuration_test" name="test_validate_changes_cpu_reservation_values[4097-False]" time="3.104" /><testcase classname="test.unit.config.service_configuration_test" name="test_validate_changes_cpu_reservation_values[4096-True]" time="3.047" /><testcase classname="test.unit.config.service_configuration_test" name="test_validate_changes_cpu_reservation_values[False-False]" time="2.940" /><testcase classname="test.unit.config.service_configuration_test" name="test_validate_changes_cpu_reservation_values[None-True]" time="5.300" /><testcase classname="test.unit.config.service_configuration_test" name="test_service_name_validation[TestService-True]" time="5.567" /><testcase classname="test.unit.config.service_configuration_test" name="test_service_name_validation[testservice-True]" time="5.992" /><testcase classname="test.unit.config.service_configuration_test" name="test_validate_changes_cpu_configs_optional" time="6.181" /><testcase classname="test.unit.config.service_configuration_test" name="test_service_name_validation[Service1-True]" time="3.182" /><testcase classname="test.unit.config.service_configuration_test" name="test_service_name_validation[testService080-True]" time="3.018" /><testcase classname="test.unit.config.service_configuration_test" name="test_service_name_validation[Unity-True]" time="3.291" /><testcase classname="test.unit.config.service_configuration_test" name="test_service_name_validation[Test123-True]" time="3.212" /><testcase classname="test.unit.config.service_configuration_test" name="test_service_name_validation[Kafdrop2-True]" time="3.011" /><testcase classname="test.unit.config.service_configuration_test" name="test_service_name_validation[A-True]" time="3.080" /><testcase classname="test.unit.config.service_configuration_test" name="test_service_name_validation[testService123-True]" time="3.114" /><testcase classname="test.unit.config.service_configuration_test" name="test_service_name_validation[MerchantDashboardD2C-True]" time="3.198" /><testcase classname="test.unit.config.service_configuration_test" name="test_service_name_validation[1test-service-False]" time="2.966" /><testcase classname="test.unit.config.service_configuration_test" name="test_service_name_validation[-invalid-False]" time="3.093" /><testcase classname="test.unit.config.service_configuration_test" name="test_service_name_validation[service_underscore-False]" time="3.050" /><testcase classname="test.unit.config.service_configuration_test" name="test_service_name_validation[service.-False]" time="3.155" /><testcase classname="test.unit.deployment.service_template_generator_test.TestCpuConfiguration" name="test_cpu_configuration[256-320]" time="0.499" /><testcase classname="test.unit.config.service_configuration_test" name="test_service_name_validation[service name-False]" time="5.125" /><testcase classname="test.unit.deployment.service_template_generator_test.TestCpuConfiguration" name="test_cpu_configuration[128-160]" time="0.209" /><testcase classname="test.unit.config.service_configuration_test" name="test_service_name_validation[test--False]" time="4.567" /><testcase classname="test.unit.config.service_configuration_test" name="test_service_name_validation[-False]" time="3.828" /><testcase classname="test.unit.deployment.service_template_generator_test.TestCpuConfiguration" name="test_cpu_configuration[None-None]" time="0.195" /></testsuite></testsuites>